<?xml version="1.0" encoding="UTF-8"?>
<testsuite xmlns:xsi="http://www.w3.org/2001/XMLSchema-instance" xsi:noNamespaceSchemaLocation="https://maven.apache.org/surefire/maven-surefire-plugin/xsd/surefire-test-report-3.0.xsd" version="3.0" name="com.energy.api.EnergyApiV1ApplicationTests" time="7.908" tests="1" errors="0" skipped="0" failures="0">
  <properties>
[...]
</properties>
  <testcase name="contextLoads" classname="com.energy.api.EnergyApiV1ApplicationTests" time="0.493">
    <system-out><![CDATA[21:12:13.133 [main] INFO org.springframework.test.context.support.AnnotationConfigContextLoaderUtils -- Could not detect default configuration classes for test class [com.energy.api.EnergyApiV1ApplicationTests]: EnergyApiV1ApplicationTests does not declare any static, non-private, non-final, nested classes annotated with @Configuration.
21:12:13.233 [main] INFO org.springframework.boot.test.context.SpringBootTestContextBootstrapper -- Found @SpringBootConfiguration com.energy.api.EnergyApiV1Application for test class com.energy.api.EnergyApiV1ApplicationTests

  .   ____          _            __ _ _
 /\\ / ___'_ __ _ _(_)_ __  __ _ \ \ \ \
( ( )\___ | '_ | '_| | '_ \/ _` | \ \ \ \
 \\/  ___)| |_)| | | | | || (_| |  ) ) ) )
  '  |____| .__|_| |_|_| |_\__, | / / / /
 =========|_|==============|___/=/_/_/_/
 :: Spring Boot ::                (v3.1.1)

2023-08-15T21:12:13.620-03:00  INFO 16416 --- [           main] c.e.api.EnergyApiV1ApplicationTests      : Starting EnergyApiV1ApplicationTests using Java 17.0.7 with PID 16416 (started by Hernandes in A:\POS\Projects\Tech_Challenge_#1\energy-api-v1)
2023-08-15T21:12:13.621-03:00  INFO 16416 --- [           main] c.e.api.EnergyApiV1ApplicationTests      : No active profile set, falling back to 1 default profile: "default"
2023-08-15T21:12:14.285-03:00  INFO 16416 --- [           main] .s.d.r.c.RepositoryConfigurationDelegate : Bootstrapping Spring Data JPA repositories in DEFAULT mode.
2023-08-15T21:12:14.346-03:00  INFO 16416 --- [           main] .s.d.r.c.RepositoryConfigurationDelegate : Finished Spring Data repository scanning in 54 ms. Found 4 JPA repository interfaces.
2023-08-15T21:12:14.739-03:00  INFO 16416 --- [           main] o.hibernate.jpa.internal.util.LogHelper  : HHH000204: Processing PersistenceUnitInfo [name: default]
2023-08-15T21:12:14.801-03:00  INFO 16416 --- [           main] org.hibernate.Version                    : HHH000412: Hibernate ORM core version 6.2.5.Final
2023-08-15T21:12:14.803-03:00  INFO 16416 --- [           main] org.hibernate.cfg.Environment            : HHH000406: Using bytecode reflection optimizer
2023-08-15T21:12:14.995-03:00  INFO 16416 --- [           main] o.h.b.i.BytecodeProviderInitiator        : HHH000021: Bytecode provider name : bytebuddy
2023-08-15T21:12:15.122-03:00  INFO 16416 --- [           main] o.s.o.j.p.SpringPersistenceUnitInfo      : No LoadTimeWeaver setup: ignoring JPA class transformer
2023-08-15T21:12:15.136-03:00  INFO 16416 --- [           main] com.zaxxer.hikari.HikariDataSource       : HikariPool-1 - Starting...
2023-08-15T21:12:16.551-03:00  INFO 16416 --- [           main] com.zaxxer.hikari.pool.HikariPool        : HikariPool-1 - Added connection org.postgresql.jdbc.PgConnection@43588265
2023-08-15T21:12:16.553-03:00  INFO 16416 --- [           main] com.zaxxer.hikari.HikariDataSource       : HikariPool-1 - Start completed.
2023-08-15T21:12:17.182-03:00  INFO 16416 --- [           main] o.h.b.i.BytecodeProviderInitiator        : HHH000021: Bytecode provider name : bytebuddy
2023-08-15T21:12:17.807-03:00  INFO 16416 --- [           main] o.h.e.t.j.p.i.JtaPlatformInitiator       : HHH000490: Using JtaPlatform implementation: [org.hibernate.engine.transaction.jta.platform.internal.NoJtaPlatform]
Hibernate: 
    alter table if exists person_relation 
       drop constraint if exists FKgqrh7ogholbcbst101n7yn1id
2023-08-15T21:12:18.105-03:00  WARN 16416 --- [           main] o.h.engine.jdbc.spi.SqlExceptionHelper   : SQL Warning Code: 0, SQLState: 00000
2023-08-15T21:12:18.105-03:00  WARN 16416 --- [           main] o.h.engine.jdbc.spi.SqlExceptionHelper   : relation "person_relation" does not exist, skipping
Hibernate: 
    drop table if exists _address cascade
2023-08-15T21:12:18.245-03:00  WARN 16416 --- [           main] o.h.engine.jdbc.spi.SqlExceptionHelper   : SQL Warning Code: 0, SQLState: 00000
2023-08-15T21:12:18.245-03:00  WARN 16416 --- [           main] o.h.engine.jdbc.spi.SqlExceptionHelper   : table "_address" does not exist, skipping
Hibernate: 
    drop table if exists _home_appliances cascade
2023-08-15T21:12:18.386-03:00  WARN 16416 --- [           main] o.h.engine.jdbc.spi.SqlExceptionHelper   : SQL Warning Code: 0, SQLState: 00000
2023-08-15T21:12:18.386-03:00  WARN 16416 --- [           main] o.h.engine.jdbc.spi.SqlExceptionHelper   : table "_home_appliances" does not exist, skipping
Hibernate: 
    drop table if exists _person cascade
2023-08-15T21:12:18.526-03:00  WARN 16416 --- [           main] o.h.engine.jdbc.spi.SqlExceptionHelper   : SQL Warning Code: 0, SQLState: 00000
2023-08-15T21:12:18.526-03:00  WARN 16416 --- [           main] o.h.engine.jdbc.spi.SqlExceptionHelper   : table "_person" does not exist, skipping
Hibernate: 
    drop table if exists person_relation cascade
2023-08-15T21:12:18.665-03:00  WARN 16416 --- [           main] o.h.engine.jdbc.spi.SqlExceptionHelper   : SQL Warning Code: 0, SQLState: 00000
2023-08-15T21:12:18.666-03:00  WARN 16416 --- [           main] o.h.engine.jdbc.spi.SqlExceptionHelper   : table "person_relation" does not exist, skipping
Hibernate: 
    create table _address (
        number integer,
        id bigserial not null,
        city varchar(255),
        district varchar(255),
        road varchar(255),
        primary key (id)
    )
Hibernate: 
    create table _home_appliances (
        id bigserial not null,
        brand varchar(255),
        model varchar(255),
        name varchar(255),
        volts varchar(255) not null check (volts in ('FEMALE','MALE')),
        watts varchar(255),
        primary key (id)
    )
Hibernate: 
    create table _person (
        date_of_birth date not null,
        id bigserial not null,
        cpf varchar(255) not null unique,
        email varchar(255) not null,
        first_name varchar(255) not null,
        gender varchar(255) not null check (gender in ('FEMALE','MALE')),
        last_name varchar(255) not null,
        primary key (id)
    )
Hibernate: 
    create table person_relation (
        pr_date_of_birth date not null,
        id bigserial not null,
        person_id bigint,
        pr_cpf varchar(255) not null unique,
        pr_email varchar(255) not null,
        pr_first_name varchar(255) not null,
        pr_gender varchar(255) not null check (pr_gender in ('FEMALE','MALE')),
        pr_last_name varchar(255) not null,
        relationship_type varchar(255),
        primary key (id)
    )
Hibernate: 
    alter table if exists person_relation 
       add constraint FKgqrh7ogholbcbst101n7yn1id 
       foreign key (person_id) 
       references _person
2023-08-15T21:12:19.434-03:00  INFO 16416 --- [           main] j.LocalContainerEntityManagerFactoryBean : Initialized JPA EntityManagerFactory for persistence unit 'default'
2023-08-15T21:12:20.015-03:00  WARN 16416 --- [           main] JpaBaseConfiguration$JpaWebConfiguration : spring.jpa.open-in-view is enabled by default. Therefore, database queries may be performed during view rendering. Explicitly configure spring.jpa.open-in-view to disable this warning
2023-08-15T21:12:20.382-03:00  INFO 16416 --- [           main] c.e.api.EnergyApiV1ApplicationTests      : Started EnergyApiV1ApplicationTests in 7.007 seconds (process running for 7.914)
]]></system-out>
  </testcase>
</testsuite>